[2025-06-11T14:35:40.618Z] Connected to MongoDB
[2025-06-11T14:35:40.680Z] CSV saved to /Users/nico/Desktop/gmo_automation/gmo_review_6-11.csv
bah
[2025-06-11T14:38:12.404Z] Script started
[2025-06-11T14:38:12.990Z] Connected to MongoDB
[2025-06-11T14:38:13.039Z] Aggregation returned 6 results
[2025-06-11T14:38:13.040Z] CSV saved to /Users/nico/Desktop/gmo_automation/gmo_review_6-11.csv
[2025-06-11T14:38:13.044Z] MongoDB connection closed
[2025-06-11T15:16:07.785Z] Script started
[2025-06-11T15:16:08.381Z] Connected to MongoDB
[2025-06-11T15:16:08.434Z] Aggregation returned 16 results
[2025-06-11T15:16:08.435Z] CSV saved to /Users/nico/Desktop/gmo_automation/gmo_review_6-11.csv
[2025-06-11T15:16:08.438Z] MongoDB connection closed
[2025-06-11T17:30:30.475Z] Script started
[2025-06-11T17:30:31.090Z] Connected to MongoDB
[2025-06-11T17:30:31.245Z] Aggregation returned 133 results
[2025-06-11T17:30:31.248Z] CSV saved to /Users/nico/Desktop/gmo_automation/gmo_review_6-11.csv
[2025-06-11T17:30:31.252Z] MongoDB connection closed
[2025-06-11T17:30:57.151Z] Script started
[2025-06-11T17:30:57.652Z] Connected to MongoDB
[2025-06-11T17:30:57.798Z] Aggregation returned 133 results
[2025-06-11T17:30:57.799Z] CSV saved to /Users/nico/Desktop/gmo_automation/gmo_review_6-11.csv
[2025-06-11T17:30:57.801Z] MongoDB connection closed
[2025-06-11T17:49:49.257Z] Script started
[2025-06-11T17:49:49.837Z] Connected to MongoDB
[2025-06-11T17:49:50.055Z] Aggregation returned 133 results
[2025-06-11T17:49:50.057Z] CSV saved to /Users/nico/Desktop/gmo_automation/gmo_review_6-11.csv
[2025-06-11T17:49:50.061Z] MongoDB connection closed
[2025-06-11T17:59:05.064Z] Script started
[2025-06-11T17:59:05.631Z] Connected to MongoDB
[2025-06-11T17:59:05.775Z] Aggregation returned 133 results
[2025-06-11T17:59:05.776Z] CSV saved to /Users/nico/Desktop/gmo_automation/gmo_review_6-11.csv
[2025-06-11T17:59:05.779Z] MongoDB connection closed
[2025-06-11T19:34:20.113Z] Script started
[2025-06-11T19:34:20.765Z] Connected to MongoDB
[2025-06-11T19:34:20.998Z] Aggregation returned 133 results
[2025-06-11T19:34:21.001Z] CSV saved to /Users/nico/Desktop/gmo_automation/gmo_review_6-11.csv
[2025-06-11T19:34:21.007Z] MongoDB connection closed
[2025-06-11T19:35:21.454Z] Script started
[2025-06-11T19:35:22.073Z] Connected to MongoDB
[2025-06-11T19:35:22.229Z] Aggregation returned 133 results
[2025-06-11T19:35:22.232Z] CSV saved to /Users/nico/Desktop/gmo_automation/gmo_review_6-11.csv
[2025-06-11T19:35:22.238Z] MongoDB connection closed
[2025-06-11T19:50:05.573Z] Script started
[2025-06-11T19:50:06.180Z] Connected to MongoDB
[2025-06-11T19:50:06.399Z] Aggregation returned 133 results
[2025-06-11T19:50:06.402Z] CSV saved to /Users/nico/Desktop/gmo_automation/gmo_review_6-11.csv
[2025-06-11T19:50:06.407Z] MongoDB connection closed
[2025-06-11T19:53:35.900Z] Script started
[2025-06-11T19:53:36.586Z] Connected to MongoDB
[2025-06-11T19:53:36.824Z] Aggregation returned 133 results
[2025-06-11T19:53:36.828Z] CSV saved to /Users/nico/Desktop/gmo_automation/gmo_review_6-11.csv
[2025-06-11T19:53:36.835Z] MongoDB connection closed
[2025-06-11T20:08:36.484Z] Script started
[2025-06-11T20:08:37.167Z] Connected to MongoDB
[2025-06-11T20:08:37.319Z] Aggregation returned 133 results
[2025-06-11T20:08:37.322Z] CSV saved to /Users/nico/Desktop/gmo_automation/gmo_review_6-11.csv
[2025-06-11T20:08:37.328Z] MongoDB connection closed
[2025-06-11T20:09:17.653Z] Script started
[2025-06-11T20:09:18.186Z] Connected to MongoDB
[2025-06-11T20:09:18.358Z] Aggregation returned 133 results
[2025-06-11T20:09:18.361Z] CSV saved to /Users/nico/Desktop/gmo_automation/gmo_review_6-11.csv
[2025-06-11T20:09:18.367Z] MongoDB connection closed
[2025-06-11T20:11:49.410Z] Script started
[2025-06-11T20:11:50.044Z] Connected to MongoDB
[2025-06-11T20:11:50.208Z] Aggregation returned 133 results
[2025-06-11T20:11:50.211Z] CSV saved to /Users/nico/Desktop/gmo_automation/gmo_review_6-11.csv
[2025-06-11T20:11:50.217Z] MongoDB connection closed
[2025-06-11T20:11:59.691Z] Script started
[2025-06-11T20:12:00.193Z] Connected to MongoDB
[2025-06-11T20:12:00.431Z] Aggregation returned 133 results
[2025-06-11T20:12:00.433Z] CSV saved to /Users/nico/Desktop/gmo_automation/gmo_review_6-11.csv
[2025-06-11T20:12:00.438Z] MongoDB connection closed
[2025-06-11T20:12:25.953Z] Script started
[2025-06-11T20:12:26.517Z] Connected to MongoDB
[2025-06-11T20:12:26.687Z] Aggregation returned 133 results
[2025-06-11T20:12:26.692Z] CSV saved to /Users/nico/Desktop/gmo_automation/gmo_review_6-11.csv
[2025-06-11T20:12:26.700Z] MongoDB connection closed
